TN:
SF:src\add.js
FN:1,add
FNF:1
FNH:1
FNDA:1,add
DA:1,1
DA:2,1
DA:3,1
DA:4,1
DA:5,1
DA:6,1
DA:7,1
DA:8,1
LF:8
LH:8
BRDA:1,0,0,1
BRF:1
BRH:1
end_of_record
TN:
SF:src\calculator.js
FN:2,Calculator
FN:6,set
FN:10,clear
FN:13,add
FN:21,subtract
FN:25,multiply
FN:29,divide
FNF:7
FNH:7
FNDA:9,Calculator
FNDA:5,set
FNDA:1,clear
FNDA:2,add
FNDA:1,subtract
FNDA:1,multiply
FNDA:2,divide
DA:1,1
DA:2,1
DA:3,9
DA:4,9
DA:5,1
DA:6,1
DA:7,5
DA:8,5
DA:9,1
DA:10,1
DA:11,1
DA:12,1
DA:13,1
DA:14,2
DA:15,2
DA:16,1
DA:17,1
DA:18,1
DA:19,1
DA:20,1
DA:21,1
DA:22,1
DA:23,1
DA:24,1
DA:25,1
DA:26,1
DA:27,1
DA:28,1
DA:29,1
DA:30,2
DA:31,2
DA:32,1
DA:33,1
DA:34,1
LF:34
LH:34
BRDA:2,0,0,9
BRDA:6,1,0,5
BRDA:10,2,0,1
BRDA:13,3,0,2
BRDA:15,4,0,1
BRDA:21,5,0,1
BRDA:25,6,0,1
BRDA:29,7,0,2
BRF:8
BRH:8
end_of_record
